<?xml version="1.0" encoding="utf-8"?><testsuites name="pytest tests"><testsuite name="pytest" errors="0" failures="0" skipped="0" tests="15" time="6.077" timestamp="2026-04-27T21:16:21.958626+00:00" hostname="agent-env-1db6a5d5-8fc8-4d7c-a1f1-4c76a6e5c73b"><testcase classname="tests.test_phase7c_guard_persistence" name="test_logs_no_auth_unauthorized" time="0.136" /><testcase classname="tests.test_phase7c_guard_persistence" name="test_activity_no_auth_unauthorized" time="0.140" /><testcase classname="tests.test_phase7c_guard_persistence" name="test_logs_returns_recent_with_required_keys" time="0.482" /><testcase classname="tests.test_phase7c_guard_persistence" name="test_logs_days_30_includes_at_least_as_many" time="0.233" /><testcase classname="tests.test_phase7c_guard_persistence" name="test_activity_returns_aggregate_shape" time="0.122" /><testcase classname="tests.test_phase7c_guard_persistence" name="test_activity_by_outlet_sorted_desc_with_outlet_name" time="0.137" /><testcase classname="tests.test_phase7c_guard_persistence" name="test_activity_days_14_and_30_work" time="1.287" /><testcase classname="tests.test_phase7c_guard_persistence" name="test_activity_recent_has_link_for_journal_entry" time="0.128" /><testcase classname="tests.test_phase7c_guard_persistence" name="test_je_creates_guard_log_with_reason" time="1.510" /><testcase classname="tests.test_phase7c_guard_persistence" name="test_log_idempotent_on_resubmit" time="0.239" /><testcase classname="tests.test_phase7c_guard_persistence" name="test_pre_check_does_not_double_count" time="0.385" /><testcase classname="tests.test_phase7c_guard_persistence" name="test_urgent_purchase_with_guard_reason_persists_log" time="0.781" /><testcase classname="tests.test_phase7c_guard_persistence" name="test_regression_guard_check_still_works" time="0.142" /><testcase classname="tests.test_phase7c_guard_persistence" name="test_regression_forecasting_dashboard" time="0.129" /><testcase classname="tests.test_phase7c_guard_persistence" name="test_regression_finance_pl" time="0.128" /></testsuite></testsuites>