<?xml version="1.0" encoding="utf-8"?><testsuites name="pytest tests"><testsuite name="pytest" errors="0" failures="0" skipped="0" tests="21" time="2.255" timestamp="2026-04-27T20:29:51.880626+00:00" hostname="agent-env-1db6a5d5-8fc8-4d7c-a1f1-4c76a6e5c73b"><testcase classname="tests.test_phase7c_forecasting.TestAuthGuard" name="test_sales_requires_auth" time="0.305" /><testcase classname="tests.test_phase7c_forecasting.TestAuthGuard" name="test_methods_requires_auth" time="0.146" /><testcase classname="tests.test_phase7c_forecasting.TestMethods" name="test_methods_returns_3_methods_2_targets" time="0.466" /><testcase classname="tests.test_phase7c_forecasting.TestSalesForecast" name="test_sales_default_full_payload" time="0.056" /><testcase classname="tests.test_phase7c_forecasting.TestSalesForecast" name="test_sales_method_linear_params" time="0.063" /><testcase classname="tests.test_phase7c_forecasting.TestSalesForecast" name="test_sales_method_ewma_params" time="0.057" /><testcase classname="tests.test_phase7c_forecasting.TestSalesForecast" name="test_sales_method_hybrid_params" time="0.057" /><testcase classname="tests.test_phase7c_forecasting.TestSalesForecast" name="test_sales_per_outlet_smaller_than_consolidated" time="0.193" /><testcase classname="tests.test_phase7c_forecasting.TestSalesForecast" name="test_sales_months_6" time="0.094" /><testcase classname="tests.test_phase7c_forecasting.TestSalesForecast" name="test_sales_invalid_method_returns_400" time="0.095" /><testcase classname="tests.test_phase7c_forecasting.TestSalesForecast" name="test_sales_months_out_of_range_returns_422" time="0.056" /><testcase classname="tests.test_phase7c_forecasting.TestSalesForecast" name="test_math_forecast_total_matches_sum" time="0.056" /><testcase classname="tests.test_phase7c_forecasting.TestExpenseForecast" name="test_expense_returns_data" time="0.058" /><testcase classname="tests.test_phase7c_forecasting.TestDashboard" name="test_dashboard_returns_consolidated_and_outlets" time="0.061" /><testcase classname="tests.test_phase7c_forecasting.TestRegression" name="test_reports_vendor_scorecard" time="0.060" /><testcase classname="tests.test_phase7c_forecasting.TestRegression" name="test_reports_pivot" time="0.057" /><testcase classname="tests.test_phase7c_forecasting.TestRegression" name="test_reports_comparatives" time="0.059" /><testcase classname="tests.test_phase7c_forecasting.TestRegression" name="test_reports_builder_run" time="0.057" /><testcase classname="tests.test_phase7c_forecasting.TestRegression" name="test_finance_profit_loss" time="0.055" /><testcase classname="tests.test_phase7c_forecasting.TestRegression" name="test_finance_trial_balance" time="0.056" /><testcase classname="tests.test_phase7c_forecasting.TestRegression" name="test_finance_ap_aging" time="0.054" /></testsuite></testsuites>