<?xml version="1.0" encoding="utf-8"?><testsuites name="pytest tests"><testsuite name="pytest" errors="0" failures="0" skipped="0" tests="11" time="2.235" timestamp="2026-04-27T20:45:04.842277+00:00" hostname="agent-env-1db6a5d5-8fc8-4d7c-a1f1-4c76a6e5c73b"><testcase classname="backend.tests.test_phase7c_forecast_guard" name="test_guard_no_auth_returns_401_or_403" time="0.311" /><testcase classname="backend.tests.test_phase7c_forecast_guard" name="test_guard_negative_amount_returns_400" time="0.494" /><testcase classname="backend.tests.test_phase7c_forecast_guard" name="test_guard_invalid_kind_returns_400" time="0.160" /><testcase classname="backend.tests.test_phase7c_forecast_guard" name="test_guard_bad_period_returns_400" time="0.132" /><testcase classname="backend.tests.test_phase7c_forecast_guard" name="test_guard_small_expense_severity_none" time="0.142" /><testcase classname="backend.tests.test_phase7c_forecast_guard" name="test_guard_huge_expense_severity_severe_or_mild" time="0.190" /><testcase classname="backend.tests.test_phase7c_forecast_guard" name="test_guard_math_projected_and_deviation_pct" time="0.131" /><testcase classname="backend.tests.test_phase7c_forecast_guard" name="test_guard_future_period_has_forecast_value" time="0.192" /><testcase classname="backend.tests.test_phase7c_forecast_guard" name="test_regression_forecast_sales" time="0.148" /><testcase classname="backend.tests.test_phase7c_forecast_guard" name="test_regression_forecast_methods" time="0.114" /><testcase classname="backend.tests.test_phase7c_forecast_guard" name="test_regression_reports_pivot" time="0.156" /></testsuite></testsuites>