<?xml version="1.0" encoding="utf-8"?><testsuites name="pytest tests"><testsuite name="pytest" errors="0" failures="5" skipped="0" tests="23" time="2.269" timestamp="2026-04-27T20:13:40.235858+00:00" hostname="agent-env-1db6a5d5-8fc8-4d7c-a1f1-4c76a6e5c73b"><testcase classname="backend.tests.test_phase7b_reports.TestAuthGuard" name="test_catalog_requires_auth" time="0.196" /><testcase classname="backend.tests.test_phase7b_reports.TestAuthGuard" name="test_vendor_scorecard_requires_auth" time="0.108" /><testcase classname="backend.tests.test_phase7b_reports.TestCatalog" name="test_catalog_returns_dims_metrics_comparatives" time="0.462" /><testcase classname="backend.tests.test_phase7b_reports.TestVendorScorecard" name="test_scorecard_list_top5" time="0.061" /><testcase classname="backend.tests.test_phase7b_reports.TestVendorScorecard" name="test_scorecard_detail_includes_po_breakdown" time="0.111" /><testcase classname="backend.tests.test_phase7b_reports.TestReportBuilder" name="test_run_basic" time="0.070" /><testcase classname="backend.tests.test_phase7b_reports.TestReportBuilder" name="test_validation_empty_dimensions" time="0.052"><failure message="AssertionError: expected 400 got 422: {&quot;success&quot;:false,&quot;data&quot;:null,&quot;errors&quot;:[{&quot;code&quot;:&quot;VALIDATION_ERROR&quot;,&quot;message&quot;:&quot;Pilih minimal 1 dimensi&quot;}],&quot;meta&quot;:null}&#10;assert 422 == 400&#10; +  where 422 = &lt;Response [422]&gt;.status_code">E   AssertionError: expected 400 got 422: {"success":false,"data":null,"errors":[{"code":"VALIDATION_ERROR","message":"Pilih minimal 1 dimensi"}],"meta":null}
    assert 422 == 400
     +  where 422 = &lt;Response [422]&gt;.status_code</failure></testcase><testcase classname="backend.tests.test_phase7b_reports.TestReportBuilder" name="test_validation_empty_metrics" time="0.051"><failure message="assert 422 == 400&#10; +  where 422 = &lt;Response [422]&gt;.status_code">E   assert 422 == 400
     +  where 422 = &lt;Response [422]&gt;.status_code</failure></testcase><testcase classname="backend.tests.test_phase7b_reports.TestReportBuilder" name="test_validation_invalid_dimension" time="0.066"><failure message="assert 422 == 400&#10; +  where 422 = &lt;Response [422]&gt;.status_code">E   assert 422 == 400
     +  where 422 = &lt;Response [422]&gt;.status_code</failure></testcase><testcase classname="backend.tests.test_phase7b_reports.TestReportBuilder" name="test_validation_invalid_metric" time="0.051"><failure message="assert 422 == 400&#10; +  where 422 = &lt;Response [422]&gt;.status_code">E   assert 422 == 400
     +  where 422 = &lt;Response [422]&gt;.status_code</failure></testcase><testcase classname="backend.tests.test_phase7b_reports.TestPivot" name="test_pivot_month_x_outlet_sales" time="0.059" /><testcase classname="backend.tests.test_phase7b_reports.TestPivot" name="test_pivot_same_dim_returns_400" time="0.050"><failure message="assert 422 == 400&#10; +  where 422 = &lt;Response [422]&gt;.status_code">E   assert 422 == 400
     +  where 422 = &lt;Response [422]&gt;.status_code</failure></testcase><testcase classname="backend.tests.test_phase7b_reports.TestComparatives" name="test_mom" time="0.066" /><testcase classname="backend.tests.test_phase7b_reports.TestComparatives" name="test_yoy" time="0.066" /><testcase classname="backend.tests.test_phase7b_reports.TestSavedReports" name="test_create_list_delete" time="0.226" /><testcase classname="backend.tests.test_phase7b_reports.TestRegression" name="test_finance_profit_loss" time="0.059" /><testcase classname="backend.tests.test_phase7b_reports.TestRegression" name="test_finance_trial_balance" time="0.072" /><testcase classname="backend.tests.test_phase7b_reports.TestRegression" name="test_finance_ap_aging" time="0.055" /><testcase classname="backend.tests.test_phase7b_reports.TestRegression" name="test_finance_journals" time="0.063" /><testcase classname="backend.tests.test_phase7b_reports.TestRegression" name="test_approvals_queue" time="0.055" /><testcase classname="backend.tests.test_phase7b_reports.TestRegression" name="test_finance_periods" time="0.056" /><testcase classname="backend.tests.test_phase7b_reports.TestRegression" name="test_hr_advances" time="0.055" /><testcase classname="backend.tests.test_phase7b_reports.TestRegression" name="test_hr_payroll" time="0.057" /></testsuite></testsuites>